<?xml version="1.0" encoding="UTF-8"?>
<!-- Generated by org.testng.reporters.JUnitXMLReporter -->
<testsuite ignored="0" hostname="ANAND-SOLAPUR" failures="0" tests="2" name="Default test" time="5.346" errors="0" timestamp="2024-01-11T13:06:29 IST">
  <testcase classname="RestAssuredAPI.APIAutomation.PostUserUsingPOJO" name="createUserUsingExternalJsonFile" time="4.539"/>
  <testcase classname="RestAssuredAPI.APIAutomation.PostUserUsingPOJO" name="deleteUser" time="0.739"/>
</testsuite> <!-- Default test -->
