<?xml version="1.0" encoding="UTF-8"?>
<!-- Generated by org.testng.reporters.JUnitXMLReporter -->
<testsuite ignored="0" hostname="ANAND-SOLAPUR" failures="0" tests="2" name="Error Validations Test" time="7.05" errors="0" timestamp="2024-01-08T14:40:02 IST">
  <testcase classname="girishpotdar.tests.ErrorValidationsTest" name="LoginErrorValidation" time="0.47"/>
  <testcase classname="girishpotdar.tests.ErrorValidationsTest" name="ProductErrorValidation" time="2.068"/>
</testsuite> <!-- Error Validations Test -->
