<?xml version="1.0" encoding="UTF-8"?>
<testng-results ignored="0" total="2" passed="2" failed="0" skipped="0">
  <reporter-output>
  </reporter-output>
  <suite started-at="2024-01-11T13:06:23 IST" name="Default suite" finished-at="2024-01-11T13:06:28 IST" duration-ms="5346">
    <groups>
    </groups>
    <test started-at="2024-01-11T13:06:23 IST" name="Default test" finished-at="2024-01-11T13:06:28 IST" duration-ms="5346">
      <class name="RestAssuredAPI.APIAutomation.PostUserUsingPOJO">
        <test-method signature="createUserUsingExternalJsonFile()[pri:0, instance:RestAssuredAPI.APIAutomation.PostUserUsingPOJO@4803b726]" started-at="2024-01-11T13:06:23 IST" name="createUserUsingExternalJsonFile" finished-at="2024-01-11T13:06:28 IST" duration-ms="4539" status="PASS">
          <reporter-output>
          </reporter-output>
        </test-method> <!-- createUserUsingExternalJsonFile -->
        <test-method signature="deleteUser()[pri:0, instance:RestAssuredAPI.APIAutomation.PostUserUsingPOJO@4803b726]" started-at="2024-01-11T13:06:28 IST" name="deleteUser" finished-at="2024-01-11T13:06:28 IST" duration-ms="739" status="PASS">
          <reporter-output>
          </reporter-output>
        </test-method> <!-- deleteUser -->
      </class> <!-- RestAssuredAPI.APIAutomation.PostUserUsingPOJO -->
    </test> <!-- Default test -->
  </suite> <!-- Default suite -->
</testng-results>
